This is pdfeTeX, Version 3.141592-1.21a-2.2 (Web2C 7.5.4) (format=latex 2006.10.1)  6 MAR 2007 22:09
entering extended mode
**sakthi_acad_bio_data-1-nr.tex
(./sakthi_acad_bio_data-1-nr.tex
LaTeX2e <2003/12/01>
Babel <v3.8d> and hyphenation patterns for american, french, german, ngerman, b
ahasa, basque, bulgarian, catalan, croatian, czech, danish, dutch, esperanto, e
stonian, finnish, greek, icelandic, irish, italian, latin, magyar, norsk, polis
h, portuges, romanian, russian, serbian, slovak, slovene, spanish, swedish, tur
kish, ukrainian, nohyphenation, loaded.
(/usr/share/texmf/tex/latex/base/article.cls
Document Class: article 2004/02/16 v1.4f Standard LaTeX document class
(/usr/share/texmf/tex/latex/base/size11.clo
File: size11.clo 2004/02/16 v1.4f Standard LaTeX file (size option)
)
\c@part=\count79
\c@section=\count80
\c@subsection=\count81
\c@subsubsection=\count82
\c@paragraph=\count83
\c@subparagraph=\count84
\c@figure=\count85
\c@table=\count86
\abovecaptionskip=\skip41
\belowcaptionskip=\skip42
\bibindent=\dimen102
)
(/usr/share/texmf/tex/latex/preprint/fullpage.sty
Package: fullpage 1999/02/23 1.1 (PWD)
\FP@margin=\skip43
)
(./sakthi_acad_bio_data-1-nr.aux)
\openout1 = `sakthi_acad_bio_data-1-nr.aux'.

LaTeX Font Info:    Checking defaults for OML/cmm/m/it on input line 4.
LaTeX Font Info:    ... okay on input line 4.
LaTeX Font Info:    Checking defaults for T1/cmr/m/n on input line 4.
LaTeX Font Info:    ... okay on input line 4.
LaTeX Font Info:    Checking defaults for OT1/cmr/m/n on input line 4.
LaTeX Font Info:    ... okay on input line 4.
LaTeX Font Info:    Checking defaults for OMS/cmsy/m/n on input line 4.
LaTeX Font Info:    ... okay on input line 4.
LaTeX Font Info:    Checking defaults for OMX/cmex/m/n on input line 4.
LaTeX Font Info:    ... okay on input line 4.
LaTeX Font Info:    Checking defaults for U/cmr/m/n on input line 4.
LaTeX Font Info:    ... okay on input line 4.

Underfull \hbox (badness 10000) in paragraph at lines 6--8

 []


Underfull \hbox (badness 10000) in paragraph at lines 27--28

 []

LaTeX Font Info:    External font `cmex10' loaded for size
(Font)              <10.95> on input line 34.
LaTeX Font Info:    External font `cmex10' loaded for size
(Font)              <8> on input line 34.
LaTeX Font Info:    External font `cmex10' loaded for size
(Font)              <6> on input line 34.

Underfull \hbox (badness 10000) in paragraph at lines 33--60

 []


Overfull \hbox (1.79749pt too wide) in paragraph at lines 33--60
[] 
 []

[1

]
LaTeX Font Info:    Try loading font information for OMS+cmr on input line 66.
 (/usr/share/texmf/tex/latex/base/omscmr.fd
File: omscmr.fd 1999/05/25 v2.5h Standard LaTeX font definitions
)
LaTeX Font Info:    Font shape `OMS/cmr/m/n' in size <10.95> not available
(Font)              Font shape `OMS/cmsy/m/n' tried instead on input line 66.
 [2]
Overfull \hbox (2.44722pt too wide) in paragraph at lines 167--173
\OT1/cmr/m/it/10.95 ver-sal-ity and Com-plex-ity \OT1/cmr/m/n/10.95 co-authored
 with Prof. Ka-mala Krithivasan and Y.Sivasubramanyam
 []

[3] [4] [5] [6] [7] (./sakthi_acad_bio_data-1-nr.aux) ) 
Here is how much of TeX's memory you used:
 270 strings out of 94501
 3220 string characters out of 1173692
 54348 words of memory out of 1000000
 3505 multiletter control sequences out of 10000+50000
 8113 words of font info for 29 fonts, out of 500000 for 2000
 580 hyphenation exceptions out of 1000
 21i,6n,19p,152b,233s stack positions out of 1500i,500n,5000p,200000b,5000s

Output written on sakthi_acad_bio_data-1-nr.dvi (7 pages, 22020 bytes).
